SLF4J(W): Class path contains multiple SLF4J providers.
SLF4J(W): Found provider [ch.qos.logback.classic.spi.LogbackServiceProvider@3a82f6ef]
SLF4J(W): Found provider [org.apache.logging.slf4j.SLF4JServiceProvider@100fc185]
SLF4J(W): See https://www.slf4j.org/codes.html#multiple_bindings for an explanation.
SLF4J(I): Actual provider is of type [ch.qos.logback.classic.spi.LogbackServiceProvider@3a82f6ef]

  .   ____          _            __ _ _
 /\\ / ___'_ __ _ _(_)_ __  __ _ \ \ \ \
( ( )\___ | '_ | '_| | '_ \/ _` | \ \ \ \
 \\/  ___)| |_)| | | | | || (_| |  ) ) ) )
  '  |____| .__|_| |_|_| |_\__, | / / / /
 =========|_|==============|___/=/_/_/_/

 :: Spring Boot ::                (v3.4.7)

2025-07-26T23:53:04.325+02:00  INFO 13481 --- [           main] .s.d.r.c.RepositoryConfigurationDelegate : Bootstrapping Spring Data JPA repositories in DEFAULT mode.
2025-07-26T23:53:04.357+02:00  INFO 13481 --- [           main] .s.d.r.c.RepositoryConfigurationDelegate : Finished Spring Data repository scanning in 14 ms. Found 0 JPA repository interfaces.
2025-07-26T23:53:05.232+02:00  INFO 13481 --- [           main] o.s.b.w.embedded.tomcat.TomcatWebServer  : Tomcat initialized with port 8080 (http)
2025-07-26T23:53:05.254+02:00  INFO 13481 --- [           main] o.apache.catalina.core.StandardService   : Starting service [Tomcat]
2025-07-26T23:53:05.255+02:00  INFO 13481 --- [           main] o.apache.catalina.core.StandardEngine    : Starting Servlet engine: [Apache Tomcat/10.1.42]
2025-07-26T23:53:05.293+02:00  INFO 13481 --- [           main] o.a.c.c.C.[Tomcat].[localhost].[/]       : Initializing Spring embedded WebApplicationContext
2025-07-26T23:53:05.294+02:00  INFO 13481 --- [           main] w.s.c.ServletWebServerApplicationContext : Root WebApplicationContext: initialization completed in 1997 ms
2025-07-26T23:53:05.326+02:00 DEBUG 13481 --- [           main] o.s.b.w.s.ServletContextInitializerBeans : Mapping filters: springSecurityFilterChain urls=[/*] order=-100, characterEncodingFilter urls=[/*] order=-2147483648, formContentFilter urls=[/*] order=-9900, requestContextFilter urls=[/*] order=-105
2025-07-26T23:53:05.327+02:00 DEBUG 13481 --- [           main] o.s.b.w.s.ServletContextInitializerBeans : Mapping servlets: dispatcherServlet urls=[/]
2025-07-26T23:53:06.030+02:00  INFO 13481 --- [           main] liquibase.database                       : Set default schema name to dtime
2025-07-26T23:53:06.760+02:00  INFO 13481 --- [           main] liquibase.changelog                      : Reading from dtime.databasechangelog
2025-07-26T23:53:07.033+02:00  INFO 13481 --- [           main] liquibase.lockservice                    : Successfully acquired change log lock
2025-07-26T23:53:07.036+02:00  INFO 13481 --- [           main] liquibase.command                        : Using deploymentId: 3566787035
2025-07-26T23:53:07.039+02:00  INFO 13481 --- [           main] liquibase.changelog                      : Reading from dtime.databasechangelog
2025-07-26T23:53:07.070+02:00  INFO 13481 --- [           main] liquibase.ui                             : Running Changeset: schema.xml::create-account-table::mikael
2025-07-26T23:53:07.093+02:00  INFO 13481 --- [           main] liquibase.changelog                      : Table account created
2025-07-26T23:53:07.097+02:00  INFO 13481 --- [           main] liquibase.changelog                      : ChangeSet schema.xml::create-account-table::mikael ran successfully in 26ms
2025-07-26T23:53:07.109+02:00  INFO 13481 --- [           main] liquibase.ui                             : Running Changeset: schema.xml::addUC-account-table::mikael
2025-07-26T23:53:07.121+02:00  INFO 13481 --- [           main] liquibase.changelog                      : Unique constraint added to account(name)
2025-07-26T23:53:07.125+02:00  INFO 13481 --- [           main] liquibase.changelog                      : ChangeSet schema.xml::addUC-account-table::mikael ran successfully in 15ms
2025-07-26T23:53:07.132+02:00  INFO 13481 --- [           main] liquibase.ui                             : Running Changeset: schema.xml::create-task-table::mikael
2025-07-26T23:53:07.145+02:00  INFO 13481 --- [           main] liquibase.changelog                      : Table task created
2025-07-26T23:53:07.148+02:00  INFO 13481 --- [           main] liquibase.changelog                      : ChangeSet schema.xml::create-task-table::mikael ran successfully in 16ms
2025-07-26T23:53:07.154+02:00  INFO 13481 --- [           main] liquibase.ui                             : Running Changeset: schema.xml::addUC-task-table::mikael
2025-07-26T23:53:07.162+02:00  INFO 13481 --- [           main] liquibase.changelog                      : Unique constraint added to task(name, id_account)
2025-07-26T23:53:07.165+02:00  INFO 13481 --- [           main] liquibase.changelog                      : ChangeSet schema.xml::addUC-task-table::mikael ran successfully in 10ms
2025-07-26T23:53:07.172+02:00  INFO 13481 --- [           main] liquibase.ui                             : Running Changeset: schema.xml::addFK-task-table::mikael
2025-07-26T23:53:07.181+02:00  INFO 13481 --- [           main] liquibase.changelog                      : Foreign key constraint added to task (id_account)
2025-07-26T23:53:07.184+02:00  INFO 13481 --- [           main] liquibase.changelog                      : ChangeSet schema.xml::addFK-task-table::mikael ran successfully in 11ms
2025-07-26T23:53:07.191+02:00  INFO 13481 --- [           main] liquibase.ui                             : Running Changeset: schema.xml::create-task-contributor-table::mikael
2025-07-26T23:53:07.202+02:00  INFO 13481 --- [           main] liquibase.changelog                      : Table task_contributor created
2025-07-26T23:53:07.205+02:00  INFO 13481 --- [           main] liquibase.changelog                      : ChangeSet schema.xml::create-task-contributor-table::mikael ran successfully in 14ms
2025-07-26T23:53:07.212+02:00  INFO 13481 --- [           main] liquibase.ui                             : Running Changeset: schema.xml::addFK-task-contributor-table::mikael
2025-07-26T23:53:07.221+02:00  INFO 13481 --- [           main] liquibase.changelog                      : Foreign key constraint added to task_contributor (id_task)
2025-07-26T23:53:07.227+02:00  INFO 13481 --- [           main] liquibase.changelog                      : Foreign key constraint added to task_contributor (id_user)
2025-07-26T23:53:07.229+02:00  INFO 13481 --- [           main] liquibase.changelog                      : ChangeSet schema.xml::addFK-task-contributor-table::mikael ran successfully in 17ms
2025-07-26T23:53:07.236+02:00  INFO 13481 --- [           main] liquibase.ui                             : Running Changeset: schema.xml::create-task-contributor-user-task-index::mikael
2025-07-26T23:53:07.245+02:00  INFO 13481 --- [           main] liquibase.changelog                      : Index idx_task_contributor_user created
2025-07-26T23:53:07.247+02:00  INFO 13481 --- [           main] liquibase.changelog                      : ChangeSet schema.xml::create-task-contributor-user-task-index::mikael ran successfully in 10ms
2025-07-26T23:53:07.265+02:00  INFO 13481 --- [           main] liquibase.util                           : UPDATE SUMMARY
2025-07-26T23:53:07.265+02:00  INFO 13481 --- [           main] liquibase.util                           : Run:                          8
2025-07-26T23:53:07.265+02:00  INFO 13481 --- [           main] liquibase.util                           : Previously run:              17
2025-07-26T23:53:07.265+02:00  INFO 13481 --- [           main] liquibase.util                           : Filtered out:                 0
2025-07-26T23:53:07.266+02:00  INFO 13481 --- [           main] liquibase.util                           : -------------------------------
2025-07-26T23:53:07.266+02:00  INFO 13481 --- [           main] liquibase.util                           : Total change sets:           25
2025-07-26T23:53:07.267+02:00  INFO 13481 --- [           main] liquibase.util                           : Update summary generated
2025-07-26T23:53:07.271+02:00  INFO 13481 --- [           main] liquibase.command                        : Update command completed successfully.
2025-07-26T23:53:07.271+02:00  INFO 13481 --- [           main] liquibase.ui                             : Liquibase: Update has been successful. Rows affected: 8
2025-07-26T23:53:07.278+02:00  INFO 13481 --- [           main] liquibase.lockservice                    : Successfully released change log lock
2025-07-26T23:53:07.280+02:00  INFO 13481 --- [           main] liquibase.command                        : Command execution complete
2025-07-26T23:53:08.134+02:00  INFO 13481 --- [           main] o.hibernate.jpa.internal.util.LogHelper  : HHH000204: Processing PersistenceUnitInfo [name: default]
2025-07-26T23:53:08.318+02:00  INFO 13481 --- [           main] org.hibernate.Version                    : HHH000412: Hibernate ORM core version 6.6.3.Final
2025-07-26T23:53:08.385+02:00  INFO 13481 --- [           main] o.h.c.internal.RegionFactoryInitiator    : HHH000026: Second-level cache disabled
2025-07-26T23:53:09.069+02:00  INFO 13481 --- [           main] o.s.o.j.p.SpringPersistenceUnitInfo      : No LoadTimeWeaver setup: ignoring JPA class transformer
2025-07-26T23:53:09.161+02:00  INFO 13481 --- [           main] com.zaxxer.hikari.HikariDataSource       : HikariPool-1 - Starting...
2025-07-26T23:53:09.214+02:00  INFO 13481 --- [           main] com.zaxxer.hikari.pool.HikariPool        : HikariPool-1 - Added connection org.postgresql.jdbc.PgConnection@41ddec69
2025-07-26T23:53:09.216+02:00  INFO 13481 --- [           main] com.zaxxer.hikari.HikariDataSource       : HikariPool-1 - Start completed.
2025-07-26T23:53:09.269+02:00  WARN 13481 --- [           main] org.hibernate.orm.deprecation            : HHH90000025: PostgreSQLDialect does not need to be specified explicitly using 'hibernate.dialect' (remove the property setting and it will be selected by default)
2025-07-26T23:53:09.308+02:00  INFO 13481 --- [           main] org.hibernate.orm.connections.pooling    : HHH10001005: Database info:
	Database JDBC URL [Connecting through datasource 'HikariDataSource (HikariPool-1)']
	Database driver: undefined/unknown
	Database version: 15.13
	Autocommit mode: undefined/unknown
	Isolation level: undefined/unknown
	Minimum pool size: undefined/unknown
	Maximum pool size: undefined/unknown
2025-07-26T23:53:09.944+02:00  INFO 13481 --- [           main] o.h.e.t.j.p.i.JtaPlatformInitiator       : HHH000489: No JTA platform available (set 'hibernate.transaction.jta.platform' to enable JTA platform integration)
2025-07-26T23:53:09.956+02:00  INFO 13481 --- [           main] j.LocalContainerEntityManagerFactoryBean : Initialized JPA EntityManagerFactory for persistence unit 'default'
2025-07-26T23:53:10.108+02:00  WARN 13481 --- [           main] JpaBaseConfiguration$JpaWebConfiguration : spring.jpa.open-in-view is enabled by default. Therefore, database queries may be performed during view rendering. Explicitly configure spring.jpa.open-in-view to disable this warning
2025-07-26T23:53:10.148+02:00  INFO 13481 --- [           main] o.s.b.a.w.s.WelcomePageHandlerMapping    : Adding welcome page template: index
2025-07-26T23:53:10.231+02:00 DEBUG 13481 --- [           main] s.w.s.m.m.a.RequestMappingHandlerMapping : 2 mappings in 'requestMappingHandlerMapping'
2025-07-26T23:53:10.324+02:00 DEBUG 13481 --- [           main] o.s.w.s.handler.SimpleUrlHandlerMapping  : Patterns [/webjars/**, /**] in 'resourceHandlerMapping'
2025-07-26T23:53:10.382+02:00 DEBUG 13481 --- [           main] s.w.s.m.m.a.RequestMappingHandlerAdapter : ControllerAdvice beans: 0 @ModelAttribute, 0 @InitBinder, 1 RequestBodyAdvice, 1 ResponseBodyAdvice
2025-07-26T23:53:10.490+02:00 DEBUG 13481 --- [           main] .m.m.a.ExceptionHandlerExceptionResolver : ControllerAdvice beans: 0 @ExceptionHandler, 1 ResponseBodyAdvice
2025-07-26T23:53:10.723+02:00  WARN 13481 --- [           main] .s.s.UserDetailsServiceAutoConfiguration : 

Using generated security password: 63c1ef53-06be-443c-8481-fb57ebd9e7a3

This generated password is for development use only. Your security configuration must be updated before running your application in production.

2025-07-26T23:53:10.742+02:00  INFO 13481 --- [           main] r$InitializeUserDetailsManagerConfigurer : Global AuthenticationManager configured with UserDetailsService bean with name inMemoryUserDetailsManager
2025-07-26T23:53:10.879+02:00 DEBUG 13481 --- [           main] o.s.s.web.DefaultSecurityFilterChain     : Will secure any request with filters: DisableEncodeUrlFilter, WebAsyncManagerIntegrationFilter, SecurityContextHolderFilter, HeaderWriterFilter, CsrfFilter, LogoutFilter, UsernamePasswordAuthenticationFilter, DefaultResourcesFilter, DefaultLoginPageGeneratingFilter, DefaultLogoutPageGeneratingFilter, BasicAuthenticationFilter, RequestCacheAwareFilter, SecurityContextHolderAwareRequestFilter, AnonymousAuthenticationFilter, ExceptionTranslationFilter, AuthorizationFilter
WARNING: A terminally deprecated method in sun.misc.Unsafe has been called
WARNING: sun.misc.Unsafe::allocateMemory has been called by io.netty.util.internal.PlatformDependent0$2 (jar:nested:/Users/mikael/projects/dtime/backend/target/dtime-1.0.0.jar/!BOOT-INF/lib/netty-common-4.1.122.Final.jar!/)
WARNING: Please consider reporting this to the maintainers of class io.netty.util.internal.PlatformDependent0$2
WARNING: sun.misc.Unsafe::allocateMemory will be removed in a future release
2025-07-26T23:53:11.040+02:00  INFO 13481 --- [           main] o.s.b.w.embedded.tomcat.TomcatWebServer  : Tomcat started on port 8080 (http) with context path '/'
2025-07-26T23:53:15.784+02:00  INFO 13481 --- [0.1-8080-exec-1] o.a.c.c.C.[Tomcat].[localhost].[/]       : Initializing Spring DispatcherServlet 'dispatcherServlet'
2025-07-26T23:53:15.785+02:00  INFO 13481 --- [0.1-8080-exec-1] o.s.web.servlet.DispatcherServlet        : Initializing Servlet 'dispatcherServlet'
2025-07-26T23:53:15.785+02:00 DEBUG 13481 --- [0.1-8080-exec-1] o.s.web.servlet.DispatcherServlet        : Detected StandardServletMultipartResolver
2025-07-26T23:53:15.785+02:00 DEBUG 13481 --- [0.1-8080-exec-1] o.s.web.servlet.DispatcherServlet        : Detected AcceptHeaderLocaleResolver
2025-07-26T23:53:15.785+02:00 DEBUG 13481 --- [0.1-8080-exec-1] o.s.web.servlet.DispatcherServlet        : Detected FixedThemeResolver
2025-07-26T23:53:15.786+02:00 DEBUG 13481 --- [0.1-8080-exec-1] o.s.web.servlet.DispatcherServlet        : Detected org.springframework.web.servlet.view.DefaultRequestToViewNameTranslator@6e00d737
2025-07-26T23:53:15.787+02:00 DEBUG 13481 --- [0.1-8080-exec-1] o.s.web.servlet.DispatcherServlet        : Detected org.springframework.web.servlet.support.SessionFlashMapManager@7be6dabb
2025-07-26T23:53:15.787+02:00 DEBUG 13481 --- [0.1-8080-exec-1] o.s.web.servlet.DispatcherServlet        : enableLoggingRequestDetails='false': request parameters and headers will be masked to prevent unsafe logging of potentially sensitive data
2025-07-26T23:53:15.788+02:00  INFO 13481 --- [0.1-8080-exec-1] o.s.web.servlet.DispatcherServlet        : Completed initialization in 2 ms
2025-07-26T23:53:15.806+02:00 DEBUG 13481 --- [0.1-8080-exec-1] o.s.security.web.FilterChainProxy        : Securing GET /login
2025-07-27T01:21:30.368+02:00  WARN 13481 --- [l-1 housekeeper] com.zaxxer.hikari.pool.HikariPool        : HikariPool-1 - Thread starvation or clock leap detected (housekeeper delta=26m50s585ms).
2025-07-27T02:19:02.421+02:00  WARN 13481 --- [l-1 housekeeper] com.zaxxer.hikari.pool.HikariPool        : HikariPool-1 - Thread starvation or clock leap detected (housekeeper delta=1m1s698ms).
2025-07-27T05:18:59.832+02:00  WARN 13481 --- [l-1 housekeeper] com.zaxxer.hikari.pool.HikariPool        : HikariPool-1 - Thread starvation or clock leap detected (housekeeper delta=2h59m57s237ms).
2025-07-27T06:20:11.727+02:00  WARN 13481 --- [l-1 housekeeper] com.zaxxer.hikari.pool.HikariPool        : HikariPool-1 - Thread starvation or clock leap detected (housekeeper delta=1h1m12s47ms).
2025-07-27T07:21:26.253+02:00  WARN 13481 --- [l-1 housekeeper] com.zaxxer.hikari.pool.HikariPool        : HikariPool-1 - Thread starvation or clock leap detected (housekeeper delta=1h1m14s490ms).
2025-07-27T10:18:25.063+02:00  WARN 13481 --- [l-1 housekeeper] com.zaxxer.hikari.pool.HikariPool        : HikariPool-1 - Thread starvation or clock leap detected (housekeeper delta=2h56m58s908ms).
2025-07-27T12:50:23.188+02:00  WARN 13481 --- [l-1 housekeeper] com.zaxxer.hikari.pool.HikariPool        : HikariPool-1 - Thread starvation or clock leap detected (housekeeper delta=1h35m27s590ms).
2025-07-27T17:00:29.359+02:00  WARN 13481 --- [l-1 housekeeper] com.zaxxer.hikari.pool.HikariPool        : HikariPool-1 - Thread starvation or clock leap detected (housekeeper delta=2h48m36s38ms).
2025-07-27T22:59:46.726+02:00  WARN 13481 --- [l-1 housekeeper] com.zaxxer.hikari.pool.HikariPool        : HikariPool-1 - Thread starvation or clock leap detected (housekeeper delta=4h56m46s846ms).
2025-07-27T23:06:19.916+02:00 DEBUG 13481 --- [0.1-8080-exec-2] o.s.security.web.FilterChainProxy        : Securing POST /api/login
2025-07-27T23:06:19.928+02:00 DEBUG 13481 --- [0.1-8080-exec-2] o.s.security.web.csrf.CsrfFilter         : Invalid CSRF token found for http://localhost:8080/api/login
2025-07-27T23:06:19.928+02:00 DEBUG 13481 --- [0.1-8080-exec-2] o.s.s.w.access.AccessDeniedHandlerImpl   : Responding with 403 status code
Exception in thread "http-nio-127.0.0.1-8080-exec-2" java.lang.NoClassDefFoundError: ch/qos/logback/classic/spi/ThrowableProxy
	at ch.qos.logback.classic.spi.LoggingEvent.<init>(LoggingEvent.java:145)
	at ch.qos.logback.classic.Logger.buildLoggingEventAndAppend(Logger.java:424)
	at ch.qos.logback.classic.Logger.filterAndLog_0_Or3Plus(Logger.java:386)
	at ch.qos.logback.classic.Logger.log(Logger.java:780)
	at org.slf4j.bridge.SLF4JBridgeHandler.callLocationAwareLogger(SLF4JBridgeHandler.java:232)
	at org.slf4j.bridge.SLF4JBridgeHandler.publish(SLF4JBridgeHandler.java:313)
	at java.logging/java.util.logging.Logger.log(Logger.java:962)
	at java.logging/java.util.logging.Logger.doLog(Logger.java:989)
	at java.logging/java.util.logging.Logger.logp(Logger.java:1266)
	at org.apache.juli.logging.DirectJDKLog.log(DirectJDKLog.java:170)
	at org.apache.juli.logging.DirectJDKLog.error(DirectJDKLog.java:141)
	at org.apache.tomcat.util.net.NioEndpoint$SocketProcessor.doRun(NioEndpoint.java:1787)
	at org.apache.tomcat.util.net.SocketProcessorBase.run(SocketProcessorBase.java:52)
	at org.apache.tomcat.util.threads.ThreadPoolExecutor.runWorker(ThreadPoolExecutor.java:1189)
	at org.apache.tomcat.util.threads.ThreadPoolExecutor$Worker.run(ThreadPoolExecutor.java:658)
	at org.apache.tomcat.util.threads.TaskThread$WrappingRunnable.run(TaskThread.java:63)
	at java.base/java.lang.Thread.run(Thread.java:1447)
Caused by: java.lang.ClassNotFoundException: ch.qos.logback.classic.spi.ThrowableProxy
	... 17 more
2025-07-27T23:09:19.440+02:00 DEBUG 13481 --- [0.1-8080-exec-3] o.s.security.web.FilterChainProxy        : Securing POST /api/login
2025-07-27T23:09:19.441+02:00 DEBUG 13481 --- [0.1-8080-exec-3] o.s.security.web.csrf.CsrfFilter         : Invalid CSRF token found for http://localhost:8080/api/login
2025-07-27T23:09:19.441+02:00 DEBUG 13481 --- [0.1-8080-exec-3] o.s.s.w.access.AccessDeniedHandlerImpl   : Responding with 403 status code
Exception in thread "http-nio-127.0.0.1-8080-exec-3" java.lang.NoClassDefFoundError: ch/qos/logback/classic/spi/ThrowableProxy
	at ch.qos.logback.classic.spi.LoggingEvent.<init>(LoggingEvent.java:145)
	at ch.qos.logback.classic.Logger.buildLoggingEventAndAppend(Logger.java:424)
	at ch.qos.logback.classic.Logger.filterAndLog_0_Or3Plus(Logger.java:386)
	at ch.qos.logback.classic.Logger.log(Logger.java:780)
	at org.slf4j.bridge.SLF4JBridgeHandler.callLocationAwareLogger(SLF4JBridgeHandler.java:232)
	at org.slf4j.bridge.SLF4JBridgeHandler.publish(SLF4JBridgeHandler.java:313)
	at java.logging/java.util.logging.Logger.log(Logger.java:962)
	at java.logging/java.util.logging.Logger.doLog(Logger.java:989)
	at java.logging/java.util.logging.Logger.logp(Logger.java:1266)
	at org.apache.juli.logging.DirectJDKLog.log(DirectJDKLog.java:170)
	at org.apache.juli.logging.DirectJDKLog.error(DirectJDKLog.java:141)
	at org.apache.tomcat.util.net.NioEndpoint$SocketProcessor.doRun(NioEndpoint.java:1787)
	at org.apache.tomcat.util.net.SocketProcessorBase.run(SocketProcessorBase.java:52)
	at org.apache.tomcat.util.threads.ThreadPoolExecutor.runWorker(ThreadPoolExecutor.java:1189)
	at org.apache.tomcat.util.threads.ThreadPoolExecutor$Worker.run(ThreadPoolExecutor.java:658)
	at org.apache.tomcat.util.threads.TaskThread$WrappingRunnable.run(TaskThread.java:63)
	at java.base/java.lang.Thread.run(Thread.java:1447)
Caused by: java.lang.ClassNotFoundException: ch.qos.logback.classic.spi.ThrowableProxy
	... 17 more
Exception in thread "SpringApplicationShutdownHook" java.lang.NoClassDefFoundError: ch/qos/logback/classic/spi/ThrowableProxy
	at ch.qos.logback.classic.spi.LoggingEvent.<init>(LoggingEvent.java:145)
	at ch.qos.logback.classic.Logger.buildLoggingEventAndAppend(Logger.java:424)
	at ch.qos.logback.classic.Logger.filterAndLog_0_Or3Plus(Logger.java:386)
	at ch.qos.logback.classic.Logger.log(Logger.java:780)
	at org.apache.commons.logging.LogAdapter$Slf4jLocationAwareLog.warn(LogAdapter.java:445)
	at org.springframework.context.support.AbstractApplicationContext.doClose(AbstractApplicationContext.java:1175)
	at org.springframework.boot.web.servlet.context.ServletWebServerApplicationContext.doClose(ServletWebServerApplicationContext.java:179)
	at org.springframework.context.support.AbstractApplicationContext.close(AbstractApplicationContext.java:1126)
	at org.springframework.boot.SpringApplicationShutdownHook.closeAndWait(SpringApplicationShutdownHook.java:147)
	at java.base/java.lang.Iterable.forEach(Iterable.java:75)
	at org.springframework.boot.SpringApplicationShutdownHook.run(SpringApplicationShutdownHook.java:116)
	at java.base/java.lang.Thread.run(Thread.java:1447)
Caused by: java.lang.ClassNotFoundException: ch.qos.logback.classic.spi.ThrowableProxy
	... 12 more
